<?xml version="1.0" encoding="UTF-8"?>
<TestRun id="b282a3f2-3c66-4526-814d-3736e8d458a7" name="Xi Ge@XIGE-PC 2012-08-21 15:41:38" runUser="XiGe-PC\Xi Ge" xmlns="http://microsoft.com/schemas/VisualStudio/TeamTest/2010">
  <TestSettings name="IntegrationTests" id="85f80678-5acf-4267-a4f8-e5bf47bd5e87">
    <Description>This test run configuration uses the VS IDE host type in the test run.</Description>
    <Deployment enabled="false" runDeploymentRoot="Xi Ge_XIGE-PC 2012-08-21 15_41_38">
      <DeploymentItem filename="D:\VS workspaces\BeneWar\warnings\warnings\bin\Debug\warnings.dll" />
      <DeploymentItem filename="C:\Program Files (x86)\NLog\.NET Framework 4.0\NLog.dll" />
      <DeploymentItem filename="D:\VS workspaces\BeneWar\warnings\Threading\bin\Debug\BlackHen.Threading.dll" />
    </Deployment>
    <Execution>
      <Hosts>
        <VSSDKTestHostRunConfig name="VS IDE" HiveKind="DevEnv" HiveName="10.0Exp" xmlns="http://microsoft.com/schemas/VisualStudio/SDK/Tools/IdeHostAdapter/2006/06" />
      </Hosts>
      <TestTypeSpecific />
      <AgentRule name="Execution Agents">
      </AgentRule>
    </Execution>
  </TestSettings>
  <Times creation="2012-08-21T15:41:38.6562388-04:00" queuing="2012-08-21T15:41:38.9432552-04:00" start="2012-08-21T15:41:38.9722568-04:00" finish="2012-08-21T15:41:42.4434554-04:00" />
  <ResultSummary outcome="Completed">
    <Counters total="1" executed="1" passed="1" error="0" failed="0" timeout="0" aborted="0" inconclusive="0" passedButRunAborted="0" notRunnable="0" notExecuted="0" disconnected="0" warning="0" completed="0" inProgress="0" pending="0" />
  </ResultSummary>
  <TestDefinitions>
    <UnitTest name="TestMethod1" storage="d:\vs workspaces\benewar\warnings\warningtest\bin\debug\warningtest.dll" id="243a369e-dc55-b9f2-5a7b-a93d1d3d3b5a">
      <Execution id="d6c7deca-ba37-4c19-9cfb-fe2259cf87a5" />
      <TestMethod codeBase="D:/VS workspaces/BeneWar/warnings/WarningTest/bin/Debug/WarningTest.DLL" adapterTypeName="Microsoft.VisualStudio.TestTools.TestTypes.Unit.UnitTestAdapter, Microsoft.VisualStudio.QualityTools.Tips.UnitTest.Adapter, Version=10.0.0.0, Culture=neutral, PublicKeyToken=b03f5f7f11d50a3a" className="WarningTest.ComponentTimerTests, WarningTest, Version=1.0.0.0, Culture=neutral, PublicKeyToken=null" name="TestMethod1" />
    </UnitTest>
  </TestDefinitions>
  <TestLists>
    <TestList name="Results Not in a List" id="8c84fa94-04c1-424b-9868-57a2d4851a1d" />
    <TestList name="All Loaded Results" id="19431567-8539-422a-85d7-44ee4e166bda" />
  </TestLists>
  <TestEntries>
    <TestEntry testId="243a369e-dc55-b9f2-5a7b-a93d1d3d3b5a" executionId="d6c7deca-ba37-4c19-9cfb-fe2259cf87a5" testListId="8c84fa94-04c1-424b-9868-57a2d4851a1d" />
  </TestEntries>
  <Results>
    <UnitTestResult executionId="d6c7deca-ba37-4c19-9cfb-fe2259cf87a5" testId="243a369e-dc55-b9f2-5a7b-a93d1d3d3b5a" testName="TestMethod1" computerName="XIGE-PC" duration="00:00:02.3453326" startTime="2012-08-21T15:41:38.9912579-04:00" endTime="2012-08-21T15:41:42.1924410-04:00" testType="13cdc9d9-ddb5-4fa4-a97d-d965ccfc6d4b" outcome="Passed" testListId="8c84fa94-04c1-424b-9868-57a2d4851a1d" relativeResultsDirectory="d6c7deca-ba37-4c19-9cfb-fe2259cf87a5">
    </UnitTestResult>
  </Results>
</TestRun>