<?xml version="1.0" encoding="UTF-8"?>
<TestRun id="95ee834c-22c1-4e4a-b3c9-d03ae95139f5" name="Xi Ge@XIGE-PC 2012-08-21 12:54:25" runUser="XiGe-PC\Xi Ge" xmlns="http://microsoft.com/schemas/VisualStudio/TeamTest/2010">
  <TestSettings name="IntegrationTests" id="85f80678-5acf-4267-a4f8-e5bf47bd5e87">
    <Description>This test run configuration uses the VS IDE host type in the test run.</Description>
    <Deployment enabled="false" runDeploymentRoot="Xi Ge_XIGE-PC 2012-08-21 12_54_25">
      <DeploymentItem filename="D:\VS workspaces\BeneWar\warnings\warnings\bin\Debug\warnings.dll" />
      <DeploymentItem filename="C:\Program Files (x86)\NLog\.NET Framework 4.0\NLog.dll" />
      <DeploymentItem filename="D:\VS workspaces\BeneWar\warnings\Threading\bin\Debug\BlackHen.Threading.dll" />
    </Deployment>
    <Execution>
      <Hosts>
        <VSSDKTestHostRunConfig name="VS IDE" HiveKind="DevEnv" HiveName="10.0Exp" xmlns="http://microsoft.com/schemas/VisualStudio/SDK/Tools/IdeHostAdapter/2006/06" />
      </Hosts>
      <TestTypeSpecific />
      <AgentRule name="Execution Agents">
      </AgentRule>
    </Execution>
  </TestSettings>
  <Times creation="2012-08-21T12:54:25.1841942-04:00" queuing="2012-08-21T12:54:25.2771995-04:00" start="2012-08-21T12:54:25.3172018-04:00" finish="2012-08-21T12:54:26.1772376-04:00" />
  <ResultSummary outcome="Completed">
    <Counters total="1" executed="1" passed="1" error="0" failed="0" timeout="0" aborted="0" inconclusive="0" passedButRunAborted="0" notRunnable="0" notExecuted="0" disconnected="0" warning="0" completed="0" inProgress="0" pending="0" />
  </ResultSummary>
  <TestDefinitions>
    <UnitTest name="TestMethod1" storage="d:\vs workspaces\benewar\warnings\warningtest\bin\debug\warningtest.dll" id="f4f3d438-0020-8978-522b-3d9113e7e70d">
      <Execution id="8085c0a3-4445-4749-a7e9-101d7a6577ad" />
      <TestMethod codeBase="D:/VS workspaces/BeneWar/warnings/WarningTest/bin/Debug/WarningTest.DLL" adapterTypeName="Microsoft.VisualStudio.TestTools.TestTypes.Unit.UnitTestAdapter, Microsoft.VisualStudio.QualityTools.Tips.UnitTest.Adapter, Version=10.0.0.0, Culture=neutral, PublicKeyToken=b03f5f7f11d50a3a" className="WarningTest.WorkqueueTests, WarningTest, Version=1.0.0.0, Culture=neutral, PublicKeyToken=null" name="TestMethod1" />
    </UnitTest>
  </TestDefinitions>
  <TestLists>
    <TestList name="Results Not in a List" id="8c84fa94-04c1-424b-9868-57a2d4851a1d" />
    <TestList name="All Loaded Results" id="19431567-8539-422a-85d7-44ee4e166bda" />
  </TestLists>
  <TestEntries>
    <TestEntry testId="f4f3d438-0020-8978-522b-3d9113e7e70d" executionId="8085c0a3-4445-4749-a7e9-101d7a6577ad" testListId="8c84fa94-04c1-424b-9868-57a2d4851a1d" />
  </TestEntries>
  <Results>
    <UnitTestResult executionId="8085c0a3-4445-4749-a7e9-101d7a6577ad" testId="f4f3d438-0020-8978-522b-3d9113e7e70d" testName="TestMethod1" computerName="XIGE-PC" duration="00:00:00.3421796" startTime="2012-08-21T12:54:25.3312026-04:00" endTime="2012-08-21T12:54:26.1172375-04:00" testType="13cdc9d9-ddb5-4fa4-a97d-d965ccfc6d4b" outcome="Passed" testListId="8c84fa94-04c1-424b-9868-57a2d4851a1d" relativeResultsDirectory="8085c0a3-4445-4749-a7e9-101d7a6577ad">
    </UnitTestResult>
  </Results>
</TestRun>